# JRE version: Java(TM) SE Runtime Environment (8.0_65-b17) (build 1.8.0_65-b17)
# Java VM: Java HotSpot(TM) 64-Bit Server VM (25.65-b01 mixed mode windows-amd64 compressed oops)
Heap:
 PSYoungGen      total 245248K, used 212554K [0x00000000eab00000, 0x0000000100000000, 0x0000000100000000)
  eden space 155648K, 100% used [0x00000000eab00000,0x00000000f4300000,0x00000000f4300000)
  from space 89600K, 63% used [0x00000000f9f00000,0x00000000fd692b90,0x00000000ff680000)
  to   space 94208K, 5% used [0x00000000f4300000,0x00000000f485ee98,0x00000000f9f00000)
 ParOldGen       total 175104K, used 106473K [0x00000000c0000000, 0x00000000cab00000, 0x00000000eab00000)
  object space 175104K, 60% used [0x00000000c0000000,0x00000000c67fa668,0x00000000cab00000)
 Metaspace       used 56713K, capacity 59712K, committed 59904K, reserved 1101824K
  class space    used 7358K, capacity 7823K, committed 7936K, reserved 1048576K
GC Heap History (10 events):
Event: 561.116 GC heap after
Heap after GC invocations=33 (full 6):
 PSYoungGen      total 219648K, used 0K [0x00000000eab00000, 0x0000000100000000, 0x0000000100000000)
  eden space 164864K, 0% used [0x00000000eab00000,0x00000000eab00000,0x00000000f4c00000)
  from space 54784K, 0% used [0x00000000f4c00000,0x00000000f4c00000,0x00000000f8180000)
  to   space 94720K, 0% used [0x00000000fa380000,0x00000000fa380000,0x0000000100000000)
 ParOldGen       total 175104K, used 40429K [0x00000000c0000000, 0x00000000cab00000, 0x00000000eab00000)
  object space 175104K, 23% used [0x00000000c0000000,0x00000000c277b678,0x00000000cab00000)
 Metaspace       used 55933K, capacity 58172K, committed 59008K, reserved 1099776K
  class space    used 7243K, capacity 7611K, committed 7808K, reserved 1048576K
}
Event: 564.762 GC heap before
{Heap before GC invocations=34 (full 6):
 PSYoungGen      total 219648K, used 19897K [0x00000000eab00000, 0x0000000100000000, 0x0000000100000000)
  eden space 164864K, 12% used [0x00000000eab00000,0x00000000ebe6e600,0x00000000f4c00000)
  from space 54784K, 0% used [0x00000000f4c00000,0x00000000f4c00000,0x00000000f8180000)
  to   space 94720K, 0% used [0x00000000fa380000,0x00000000fa380000,0x0000000100000000)
 ParOldGen       total 175104K, used 40429K [0x00000000c0000000, 0x00000000cab00000, 0x00000000eab00000)
  object space 175104K, 23% used [0x00000000c0000000,0x00000000c277b678,0x00000000cab00000)
 Metaspace       used 55970K, capacity 58184K, committed 59008K, reserved 1099776K
  class space    used 7244K, capacity 7613K, committed 7808K, reserved 1048576K
Event: 564.764 GC heap after
Heap after GC invocations=34 (full 6):
 PSYoungGen      total 254976K, used 256K [0x00000000eab00000, 0x0000000100000000, 0x0000000100000000)
  eden space 160256K, 0% used [0x00000000eab00000,0x00000000eab00000,0x00000000f4780000)
  from space 94720K, 0% used [0x00000000fa380000,0x00000000fa3c0000,0x0000000100000000)
  to   space 94208K, 0% used [0x00000000f4780000,0x00000000f4780000,0x00000000fa380000)
 ParOldGen       total 175104K, used 40437K [0x00000000c0000000, 0x00000000cab00000, 0x00000000eab00000)
  object space 175104K, 23% used [0x00000000c0000000,0x00000000c277d678,0x00000000cab00000)
 Metaspace       used 55970K, capacity 58184K, committed 59008K, reserved 1099776K
  class space    used 7244K, capacity 7613K, committed 7808K, reserved 1048576K
}
Event: 564.764 GC heap before
{Heap before GC invocations=35 (full 7):
 PSYoungGen      total 254976K, used 256K [0x00000000eab00000, 0x0000000100000000, 0x0000000100000000)
  eden space 160256K, 0% used [0x00000000eab00000,0x00000000eab00000,0x00000000f4780000)
  from space 94720K, 0% used [0x00000000fa380000,0x00000000fa3c0000,0x0000000100000000)
  to   space 94208K, 0% used [0x00000000f4780000,0x00000000f4780000,0x00000000fa380000)
 ParOldGen       total 175104K, used 40437K [0x00000000c0000000, 0x00000000cab00000, 0x00000000eab00000)
  object space 175104K, 23% used [0x00000000c0000000,0x00000000c277d678,0x00000000cab00000)
 Metaspace       used 55970K, capacity 58184K, committed 59008K, reserved 1099776K
  class space    used 7244K, capacity 7613K, committed 7808K, reserved 1048576K
Event: 565.013 GC heap after
Heap after GC invocations=35 (full 7):
 PSYoungGen      total 254976K, used 0K [0x00000000eab00000, 0x0000000100000000, 0x0000000100000000)
  eden space 160256K, 0% used [0x00000000eab00000,0x00000000eab00000,0x00000000f4780000)
  from space 94720K, 0% used [0x00000000fa380000,0x00000000fa380000,0x0000000100000000)
  to   space 94208K, 0% used [0x00000000f4780000,0x00000000f4780000,0x00000000fa380000)
 ParOldGen       total 175104K, used 36234K [0x00000000c0000000, 0x00000000cab00000, 0x00000000eab00000)
  object space 175104K, 20% used [0x00000000c0000000,0x00000000c23629e8,0x00000000cab00000)
 Metaspace       used 55970K, capacity 58184K, committed 59008K, reserved 1099776K
  class space    used 7244K, capacity 7613K, committed 7808K, reserved 1048576K
}
Event: 599.644 GC heap before
{Heap before GC invocations=36 (full 7):
 PSYoungGen      total 254976K, used 160256K [0x00000000eab00000, 0x0000000100000000, 0x0000000100000000)
  eden space 160256K, 100% used [0x00000000eab00000,0x00000000f4780000,0x00000000f4780000)
  from space 94720K, 0% used [0x00000000fa380000,0x00000000fa380000,0x0000000100000000)
  to   space 94208K, 0% used [0x00000000f4780000,0x00000000f4780000,0x00000000fa380000)
 ParOldGen       total 175104K, used 36234K [0x00000000c0000000, 0x00000000cab00000, 0x00000000eab00000)
  object space 175104K, 20% used [0x00000000c0000000,0x00000000c23629e8,0x00000000cab00000)
 Metaspace       used 56460K, capacity 59170K, committed 59648K, reserved 1101824K
  class space    used 7329K, capacity 7760K, committed 7936K, reserved 1048576K
Event: 599.660 GC heap after
Heap after GC invocations=36 (full 7):
 PSYoungGen      total 177664K, used 17220K [0x00000000eab00000, 0x00000000ff680000, 0x0000000100000000)
  eden space 160256K, 0% used [0x00000000eab00000,0x00000000eab00000,0x00000000f4780000)
  from space 17408K, 98% used [0x00000000f4780000,0x00000000f5851358,0x00000000f5880000)
  to   space 89600K, 0% used [0x00000000f9f00000,0x00000000f9f00000,0x00000000ff680000)
 ParOldGen       total 175104K, used 36242K [0x00000000c0000000, 0x00000000cab00000, 0x00000000eab00000)
  object space 175104K, 20% used [0x00000000c0000000,0x00000000c23649e8,0x00000000cab00000)
 Metaspace       used 56460K, capacity 59170K, committed 59648K, reserved 1101824K
  class space    used 7329K, capacity 7760K, committed 7936K, reserved 1048576K
}
Event: 600.535 GC heap before
{Heap before GC invocations=37 (full 7):
 PSYoungGen      total 177664K, used 177476K [0x00000000eab00000, 0x00000000ff680000, 0x0000000100000000)
  eden space 160256K, 100% used [0x00000000eab00000,0x00000000f4780000,0x00000000f4780000)
  from space 17408K, 98% used [0x00000000f4780000,0x00000000f5851358,0x00000000f5880000)
  to   space 89600K, 0% used [0x00000000f9f00000,0x00000000f9f00000,0x00000000ff680000)
 ParOldGen       total 175104K, used 36242K [0x00000000c0000000, 0x00000000cab00000, 0x00000000eab00000)
  object space 175104K, 20% used [0x00000000c0000000,0x00000000c23649e8,0x00000000cab00000)
 Metaspace       used 56563K, capacity 59412K, committed 59648K, reserved 1101824K
  class space    used 7342K, capacity 7801K, committed 7936K, reserved 1048576K
Event: 600.611 GC heap after
Heap after GC invocations=37 (full 7):
 PSYoungGen      total 245248K, used 56906K [0x00000000eab00000, 0x0000000100000000, 0x0000000100000000)
  eden space 155648K, 0% used [0x00000000eab00000,0x00000000eab00000,0x00000000f4300000)
  from space 89600K, 63% used [0x00000000f9f00000,0x00000000fd692b90,0x00000000ff680000)
  to   space 94208K, 0% used [0x00000000f4300000,0x00000000f4300000,0x00000000f9f00000)
 ParOldGen       total 175104K, used 50291K [0x00000000c0000000, 0x00000000cab00000, 0x00000000eab00000)
  object space 175104K, 28% used [0x00000000c0000000,0x00000000c311cd80,0x00000000cab00000)
 Metaspace       used 56563K, capacity 59412K, committed 59648K, reserved 1101824K
  class space    used 7342K, capacity 7801K, committed 7936K, reserved 1048576K
}
Event: 1742.875 GC heap before
{Heap before GC invocations=38 (full 7):
 PSYoungGen      total 245248K, used 212554K [0x00000000eab00000, 0x0000000100000000, 0x0000000100000000)
  eden space 155648K, 100% used [0x00000000eab00000,0x00000000f4300000,0x00000000f4300000)
  from space 89600K, 63% used [0x00000000f9f00000,0x00000000fd692b90,0x00000000ff680000)
  to   space 94208K, 0% used [0x00000000f4300000,0x00000000f4300000,0x00000000f9f00000)
 ParOldGen       total 175104K, used 50291K [0x00000000c0000000, 0x00000000cab00000, 0x00000000eab00000)
  object space 175104K, 28% used [0x00000000c0000000,0x00000000c311cd80,0x00000000cab00000)
 Metaspace       used 56713K, capacity 59712K, committed 59904K, reserved 1101824K
  class space    used 7358K, capacity 7823K, committed 7936K, reserved 1048576K

