# JRE version: Java(TM) SE Runtime Environment (8.0_65-b17) (build 1.8.0_65-b17)
# Java VM: Java HotSpot(TM) 64-Bit Server VM (25.65-b01 mixed mode windows-amd64 compressed oops)
Heap:
 PSYoungGen      total 252416K, used 239337K [0x00000000eab00000, 0x0000000100000000, 0x0000000100000000)
  eden space 212480K, 100% used [0x00000000eab00000,0x00000000f7a80000,0x00000000f7a80000)
  from space 39936K, 67% used [0x00000000fb800000,0x00000000fd23a5b0,0x00000000fdf00000)
  to   space 62976K, 54% used [0x00000000f7a80000,0x00000000f9bfa8a8,0x00000000fb800000)
 ParOldGen       total 235008K, used 107598K [0x00000000c0000000, 0x00000000ce580000, 0x00000000eab00000)
  object space 235008K, 45% used [0x00000000c0000000,0x00000000c6913820,0x00000000ce580000)
 Metaspace       used 72198K, capacity 80338K, committed 80640K, reserved 1120256K
  class space    used 9228K, capacity 10180K, committed 10240K, reserved 1048576K
GC Heap History (10 events):
Event: 25869.757 GC heap after
Heap after GC invocations=244 (full 55):
 PSYoungGen      total 265216K, used 25974K [0x00000000eab00000, 0x00000000fe000000, 0x0000000100000000)
  eden space 222720K, 0% used [0x00000000eab00000,0x00000000eab00000,0x00000000f8480000)
  from space 42496K, 61% used [0x00000000f8480000,0x00000000f9ddd940,0x00000000fae00000)
  to   space 44032K, 0% used [0x00000000fb500000,0x00000000fb500000,0x00000000fe000000)
 ParOldGen       total 108032K, used 55334K [0x00000000c0000000, 0x00000000c6980000, 0x00000000eab00000)
  object space 108032K, 51% used [0x00000000c0000000,0x00000000c3609830,0x00000000c6980000)
 Metaspace       used 72021K, capacity 79950K, committed 80128K, reserved 1120256K
  class space    used 9208K, capacity 10132K, committed 10240K, reserved 1048576K
}
Event: 25875.465 GC heap before
{Heap before GC invocations=245 (full 55):
 PSYoungGen      total 265216K, used 248694K [0x00000000eab00000, 0x00000000fe000000, 0x0000000100000000)
  eden space 222720K, 100% used [0x00000000eab00000,0x00000000f8480000,0x00000000f8480000)
  from space 42496K, 61% used [0x00000000f8480000,0x00000000f9ddd940,0x00000000fae00000)
  to   space 44032K, 0% used [0x00000000fb500000,0x00000000fb500000,0x00000000fe000000)
 ParOldGen       total 108032K, used 55334K [0x00000000c0000000, 0x00000000c6980000, 0x00000000eab00000)
  object space 108032K, 51% used [0x00000000c0000000,0x00000000c3609830,0x00000000c6980000)
 Metaspace       used 72030K, capacity 79950K, committed 80128K, reserved 1120256K
  class space    used 9208K, capacity 10132K, committed 10240K, reserved 1048576K
Event: 25875.483 GC heap after
Heap after GC invocations=245 (full 55):
 PSYoungGen      total 269312K, used 17851K [0x00000000eab00000, 0x00000000fdd00000, 0x0000000100000000)
  eden space 228352K, 0% used [0x00000000eab00000,0x00000000eab00000,0x00000000f8a00000)
  from space 40960K, 43% used [0x00000000fb500000,0x00000000fc66ef48,0x00000000fdd00000)
  to   space 42496K, 0% used [0x00000000f8a00000,0x00000000f8a00000,0x00000000fb380000)
 ParOldGen       total 108032K, used 55334K [0x00000000c0000000, 0x00000000c6980000, 0x00000000eab00000)
  object space 108032K, 51% used [0x00000000c0000000,0x00000000c3609830,0x00000000c6980000)
 Metaspace       used 72030K, capacity 79950K, committed 80128K, reserved 1120256K
  class space    used 9208K, capacity 10132K, committed 10240K, reserved 1048576K
}
Event: 25877.865 GC heap before
{Heap before GC invocations=246 (full 55):
 PSYoungGen      total 269312K, used 246203K [0x00000000eab00000, 0x00000000fdd00000, 0x0000000100000000)
  eden space 228352K, 100% used [0x00000000eab00000,0x00000000f8a00000,0x00000000f8a00000)
  from space 40960K, 43% used [0x00000000fb500000,0x00000000fc66ef48,0x00000000fdd00000)
  to   space 42496K, 0% used [0x00000000f8a00000,0x00000000f8a00000,0x00000000fb380000)
 ParOldGen       total 108032K, used 55334K [0x00000000c0000000, 0x00000000c6980000, 0x00000000eab00000)
  object space 108032K, 51% used [0x00000000c0000000,0x00000000c3609830,0x00000000c6980000)
 Metaspace       used 72039K, capacity 80014K, committed 80128K, reserved 1120256K
  class space    used 9208K, capacity 10132K, committed 10240K, reserved 1048576K
Event: 25877.877 GC heap after
Heap after GC invocations=246 (full 55):
 PSYoungGen      total 270848K, used 15501K [0x00000000eab00000, 0x00000000fdf00000, 0x0000000100000000)
  eden space 228352K, 0% used [0x00000000eab00000,0x00000000eab00000,0x00000000f8a00000)
  from space 42496K, 36% used [0x00000000f8a00000,0x00000000f99236a0,0x00000000fb380000)
  to   space 39936K, 0% used [0x00000000fb800000,0x00000000fb800000,0x00000000fdf00000)
 ParOldGen       total 108032K, used 55334K [0x00000000c0000000, 0x00000000c6980000, 0x00000000eab00000)
  object space 108032K, 51% used [0x00000000c0000000,0x00000000c3609830,0x00000000c6980000)
 Metaspace       used 72039K, capacity 80014K, committed 80128K, reserved 1120256K
  class space    used 9208K, capacity 10132K, committed 10240K, reserved 1048576K
}
Event: 25880.769 GC heap before
{Heap before GC invocations=247 (full 55):
 PSYoungGen      total 270848K, used 243853K [0x00000000eab00000, 0x00000000fdf00000, 0x0000000100000000)
  eden space 228352K, 100% used [0x00000000eab00000,0x00000000f8a00000,0x00000000f8a00000)
  from space 42496K, 36% used [0x00000000f8a00000,0x00000000f99236a0,0x00000000fb380000)
  to   space 39936K, 0% used [0x00000000fb800000,0x00000000fb800000,0x00000000fdf00000)
 ParOldGen       total 108032K, used 55334K [0x00000000c0000000, 0x00000000c6980000, 0x00000000eab00000)
  object space 108032K, 51% used [0x00000000c0000000,0x00000000c3609830,0x00000000c6980000)
 Metaspace       used 72137K, capacity 80250K, committed 80384K, reserved 1120256K
  class space    used 9220K, capacity 10172K, committed 10240K, reserved 1048576K
Event: 25880.881 GC heap after
Heap after GC invocations=247 (full 55):
 PSYoungGen      total 252416K, used 39918K [0x00000000eab00000, 0x0000000100000000, 0x0000000100000000)
  eden space 212480K, 0% used [0x00000000eab00000,0x00000000eab00000,0x00000000f7a80000)
  from space 39936K, 99% used [0x00000000fb800000,0x00000000fdefbb70,0x00000000fdf00000)
  to   space 62976K, 0% used [0x00000000f7a80000,0x00000000f7a80000,0x00000000fb800000)
 ParOldGen       total 108032K, used 99414K [0x00000000c0000000, 0x00000000c6980000, 0x00000000eab00000)
  object space 108032K, 92% used [0x00000000c0000000,0x00000000c6115970,0x00000000c6980000)
 Metaspace       used 72137K, capacity 80250K, committed 80384K, reserved 1120256K
  class space    used 9220K, capacity 10172K, committed 10240K, reserved 1048576K
}
Event: 25880.881 GC heap before
{Heap before GC invocations=248 (full 56):
 PSYoungGen      total 252416K, used 39918K [0x00000000eab00000, 0x0000000100000000, 0x0000000100000000)
  eden space 212480K, 0% used [0x00000000eab00000,0x00000000eab00000,0x00000000f7a80000)
  from space 39936K, 99% used [0x00000000fb800000,0x00000000fdefbb70,0x00000000fdf00000)
  to   space 62976K, 0% used [0x00000000f7a80000,0x00000000f7a80000,0x00000000fb800000)
 ParOldGen       total 108032K, used 99414K [0x00000000c0000000, 0x00000000c6980000, 0x00000000eab00000)
  object space 108032K, 92% used [0x00000000c0000000,0x00000000c6115970,0x00000000c6980000)
 Metaspace       used 72137K, capacity 80250K, committed 80384K, reserved 1120256K
  class space    used 9220K, capacity 10172K, committed 10240K, reserved 1048576K
Event: 25881.362 GC heap after
Heap after GC invocations=248 (full 56):
 PSYoungGen      total 252416K, used 26857K [0x00000000eab00000, 0x0000000100000000, 0x0000000100000000)
  eden space 212480K, 0% used [0x00000000eab00000,0x00000000eab00000,0x00000000f7a80000)
  from space 39936K, 67% used [0x00000000fb800000,0x00000000fd23a5b0,0x00000000fdf00000)
  to   space 62976K, 0% used [0x00000000f7a80000,0x00000000f7a80000,0x00000000fb800000)
 ParOldGen       total 235008K, used 107590K [0x00000000c0000000, 0x00000000ce580000, 0x00000000eab00000)
  object space 235008K, 45% used [0x00000000c0000000,0x00000000c6911820,0x00000000ce580000)
 Metaspace       used 72024K, capacity 80034K, committed 80384K, reserved 1120256K
  class space    used 9201K, capacity 10092K, committed 10240K, reserved 1048576K
}
Event: 25950.848 GC heap before
{Heap before GC invocations=249 (full 56):
 PSYoungGen      total 252416K, used 239337K [0x00000000eab00000, 0x0000000100000000, 0x0000000100000000)
  eden space 212480K, 100% used [0x00000000eab00000,0x00000000f7a80000,0x00000000f7a80000)
  from space 39936K, 67% used [0x00000000fb800000,0x00000000fd23a5b0,0x00000000fdf00000)
  to   space 62976K, 0% used [0x00000000f7a80000,0x00000000f7a80000,0x00000000fb800000)
 ParOldGen       total 235008K, used 107590K [0x00000000c0000000, 0x00000000ce580000, 0x00000000eab00000)
  object space 235008K, 45% used [0x00000000c0000000,0x00000000c6911820,0x00000000ce580000)
 Metaspace       used 72198K, capacity 80338K, committed 80640K, reserved 1120256K
  class space    used 9228K, capacity 10180K, committed 10240K, reserved 1048576K

